2024-11-06 15:27:57,570 
Contact created:
 Name: mihir
 Age: 50
 Email: kkll
 Mobile: 54545646

------------------------------------------------------------
2024-11-16 18:22:39,722 
Contact created:
 Name: mihir
 Age: 20
 Email: m@gmail.com
 Mobile: 8965236589

------------------------------------------------------------
2024-11-16 18:22:46,448 
Viewed contact:
 Name: mihir
 Age: 20
 Mobile: 8965236589
 Email: m@gmail.com

------------------------------------------------------------
2024-11-16 18:23:16,549 
Contact updated:
 Name: mihir
 Age: 21
 Email: mh@gmail.com
 Mobile: 56897845

------------------------------------------------------------
2024-11-16 18:23:24,096 
Viewed contact:
 Name: mihir
 Age: 21
 Mobile: 56897845
 Email: mh@gmail.com

------------------------------------------------------------
2024-11-16 18:23:34,632 
Search result: Found contact:
 Name: mihir
 Age: 21
 Mobile: 56897845
 Email: mh@gmail.com

------------------------------------------------------------
2024-11-16 18:23:41,766 
Total contacts counted: 1

------------------------------------------------------------
2024-11-16 18:23:54,868 
Contact deleted:
 Name: mihir

------------------------------------------------------------
2024-11-16 18:24:01,945 
Attempted to view non-existent contact:
 Name: m

------------------------------------------------------------
